
    ***********************************************************************
                     Manipulate topology for polymers
              ----------------------------------------------

                                Version None

                              Dr. Javier Ramos
                      Macromolecular Physics Department
                Instituto de Estructura de la Materia (IEM-CSIC)
                               Madrid (Spain)

        Topology is an open-source python library to quickly modify topology 
        of polymer molecules

        This software is distributed under the terms of the
        GNU General Public License v3.0 (GNU GPLv3). A copy of
        the license (LICENSE.txt) is included with this distribution.

    ***********************************************************************
        

		Command line: 
			python topology_cmd -i /tmp/tmpccp7pzg9/02-PE-C204_FS_initial.pdb -r /tmp/tmpccp7pzg9/03-PE-C204_FS_initial_HEADTAIL.dat -a /tmp/tmpccp7pzg9/04-PE-C204_FS_initial_RESIDUES.dat --separate_chains -p PE_final -w --guess_improper
			         or
			topology_cmd  -i /tmp/tmpccp7pzg9/02-PE-C204_FS_initial.pdb -r /tmp/tmpccp7pzg9/03-PE-C204_FS_initial_HEADTAIL.dat -a /tmp/tmpccp7pzg9/04-PE-C204_FS_initial_RESIDUES.dat --separate_chains -p PE_final -w --guess_improper

		Starting: 	 22-04-2024 16:43:47

		Input is a PDB format.
		Reading... (22-04-2024 16:43:47)
			 Start Guessing bonds using MDAnalysis library. (22-04-2024 16:43:47)
			 End Guessing bonds using MDAnalysis library. (22-04-2024 16:43:48)

			 Start Loop over atoms. (22-04-2024 16:43:48)
			 End Loop over atoms. (22-04-2024 16:43:48)

			 Start Creating topology. (22-04-2024 16:43:48)
			 End Creating topology. (22-04-2024 16:43:48)
		End read   (22-04-2024 16:43:48)

		****** WRITE PDB and PSF files (22-04-2024 16:43:48) ****** 
		 Writing PDB file...PE_final.pdb (22-04-2024 16:43:48)
		 CONECT table has been written.
		****** END WRITE PDB and PSF files (22-04-2024 16:43:48) ****** 

		****** RENUMBERING AND ASSIGN RESIDUES PDB and PSF files (22-04-2024 16:43:48) ****** 
		 Renumbering PDB file... PE_final.pdb (22-04-2024 16:43:48)

			 Start Loop over atoms. (22-04-2024 16:43:48)
			 End Loop over atoms. (22-04-2024 16:43:48)

			 Start Creating topology. (22-04-2024 16:43:48)
			 End Creating topology. (22-04-2024 16:43:48)
		 Head-Tail info from ... /tmp/tmpccp7pzg9/03-PE-C204_FS_initial_HEADTAIL.dat (22-04-2024 16:43:48)
		 Write renumbered file ... PE_final_residues.pdb (22-04-2024 16:43:48)
		 Coordinates have been unwrapped... (22-04-2024 16:43:48)
		 Writing PSF file...PE_final_residues.psf (22-04-2024 16:43:48)

		****** END RENUMBERING PDB and PSF files (22-04-2024 16:43:48) ****** 

		****** SUMMARY (22-04-2024 16:43:48) ****** 
		 PDB file: PE_final_residues.pdb
		 GRO file: PE_final_residues.gro
		 PSF file: PE_final_residues.psf
		****** END SUMMARY (22-04-2024 16:43:48) ****** 

		Summarize of the input system (22-04-2024 16:43:48)
		=======================================================
		Input file                  : /tmp/tmpccp7pzg9/02-PE-C204_FS_initial.pdb
		CONECT table input file     : False
		Head info file              : /tmp/tmpccp7pzg9/03-PE-C204_FS_initial_HEADTAIL.dat
		Residue info file           : /tmp/tmpccp7pzg9/04-PE-C204_FS_initial_RESIDUES.dat
		
		Number of molecules         : 2
		Number of residues          : 204
		Number of atoms             : 1228
		Number of bonds             : 1226
		Bond info available         : True
		Simulation box dimension    : 0.0000 0.0000 0.0000 nm
		Simulation box angles       : 0.00 0.00 0.00 degrees
		
		Output raw pdb file         : PE_final.pdb
		CONECT table output pdb file: True
		=======================================================


		  WARNING 1: Topology is absent in the input file.
		  WARNING 1: The topology has been estimated from atom distances,
		  WARNING 1: which may introduce errors if overlapping exists in the system.

		Job  Done at 22-04-2024 16:43:48 ============
		Total time: 1.15 seconds
