
    ***********************************************************************
              Replicate a molecule or polymer chain (ReMoPo)
              ----------------------------------------------

                                Version 3.0

                              Dr. Javier Ramos
                      Macromolecular Physics Department
                Instituto de Estructura de la Materia (IEM-CSIC)
                               Madrid (Spain)

        ReMoPo is an open-source python library to quickly replicate a molecule
        from a pdb file containing the seed molecule. After that, the script assigns
        the force field parameters using the foyer library (https://mosdef.org/)
        This program generates GROMACS and LAMMPS files to run simulations.

        This software is distributed under the terms of the
        GNU General Public License v3.0 (GNU GPLv3). A copy of
        the license (LICENSE.txt) is included with this distribution.

    ***********************************************************************
        
		Start Job at 05-06-2024 11:59:02 ============

		Command line: 
			python replicate_polymer -p ../01-PREPARE/05-iPP_final_residues.pdb -f /home/cgarcia/Programs/replicate_polymer_topology/forcefields/trappe-ua_PEToxvaerd.xml --images 1 1 1 --noh --impropers impropers.ndx
			         or
			replicate_polymer -p ../01-PREPARE/05-iPP_final_residues.pdb -f /home/cgarcia/Programs/replicate_polymer_topology/forcefields/trappe-ua_PEToxvaerd.xml --images 1 1 1 --noh --impropers impropers.ndx


		Check resname and connect in the input file. (../01-PREPARE/05-iPP_final_residues.pdb)... (05-06-2024 11:59:02)
		******************************************************************************************************************

		End Check resname and connect in the input file. (../01-PREPARE/05-iPP_final_residues.pdb)... (05-06-2024 11:59:02)
		**********************************************************************************************************************

		Removing hydrogens in the pdb file of the seed molecules.(../01-PREPARE/05-iPP_final_residues.pdb)... (05-06-2024 11:59:02)

		Replicating and typing molecule (05-06-2024 11:59:03)
		*********************************************************
		Loading seed structure from 05-iPP_final_residues_noH.pdb (05-06-2024 11:59:03)

			 Start Loop over atoms. (05-06-2024 11:59:03)
			 End Loop over atoms. (05-06-2024 11:59:03)

			 Start Creating topology. (05-06-2024 11:59:03)
			 End Creating topology. (05-06-2024 11:59:03)
		Applying force field to the seed molecules 05-iPP_final_residues_noH.pdb (05-06-2024 11:59:04)
		 Checking bonds    ... (verbose: False) (05-06-2024 11:59:05).
		 End checking bonds ... (verbose: False) (05-06-2024 11:59:05).
		 Checking angles    ... (verbose: False) (05-06-2024 11:59:05).
		 End checking angles ... (verbose: False) (05-06-2024 11:59:05).
		 Checking dihedrals    ... (verbose: False) (05-06-2024 11:59:05).
		 End dihedrals angles ... (verbose: False) (05-06-2024 11:59:05).
		-------------------------------------------------------------------------------------
		WARN: Parameters have not been assigned to all impropers.
		Total system impropers: 1020, Parameterized impropers: 0.
 		Note that if your system contains torsions of Ryckaert-Bellemans functional form,
		all of these torsions are processed as propers.
		This warn can be ignored if you are sure that impropers are not needed!!!!!
		-------------------------------------------------------------------------------------

		Replicating molecules 05-iPP_final_residues_noH.pdb (05-06-2024 11:59:05)

		Replicate a molecule or polymer chain (05-06-2024 11:59:05)
		***************************************************************
		Input file                  : 05-iPP_final_residues_noH.pdb
		Number of molecules in cell : 10
		Number of chains in cell    : 1
		Number of bonds in cell     : 3060
		Number of residues in cell  : 10
		Number of atoms in cell     : 3070
		Simulation box dimension    : 5.6768 5.6768 19.6950 nm
		Simulation box angles       : 90.00 90.00 90.00 degrees
		Replicate the molecule 1x1x1 times
		***************************************************************

		Molecule replicated info (05-06-2024 11:59:05)
		*************************************************
		Number of molecules in cell : 10
		Number of chains in cell    : 1
		Number of residues in cell  : 10
		Number of atoms in cell     : 3070
		Simulation box dimension    : 5.6768 5.6768 19.6950 nm
		Simulation box angles       : 90.00 90.00 90.00 degrees
		Mass density                : 0.0965 g/cm3
		*************************************************


		Removing TER labels in the pdb file of the seed molecules.(./05-iPP_final_residues_noH_replicate.pdb)... (05-06-2024 11:59:05)
		Inserting impropers in the topology file (05-06-2024 11:59:05)
			Inserting impropers from impropers.ndx ...
		Job  Done at 05-06-2024 11:59:05 ============

		Total time: 3.44 seconds
