
    ***********************************************************************
              Replicate a molecule or polymer chain (ReMoPo)
              ----------------------------------------------

                                Version 3.0

                              Dr. Javier Ramos
                      Macromolecular Physics Department
                Instituto de Estructura de la Materia (IEM-CSIC)
                               Madrid (Spain)

        ReMoPo is an open-source python library to quickly replicate a molecule
        from a pdb file containing the seed molecule. After that, the script assigns
        the force field parameters using the foyer library (https://mosdef.org/)
        This program generates GROMACS and LAMMPS files to run simulations.

        This software is distributed under the terms of the
        GNU General Public License v3.0 (GNU GPLv3). A copy of
        the license (LICENSE.txt) is included with this distribution.

    ***********************************************************************
        
		Start Job at 05-06-2024 10:17:25 ============

		Command line: 
			python replicate_polymer -p ../01-PREPARE/PE_final_residues.pdb -f /home/cgarcia/Programs/replicate_polymer_topology/forcefields/trappe-ua_PEToxvaerd.xml --images 1 1 1 -e lammps --noh
			         or
			replicate_polymer -p ../01-PREPARE/PE_final_residues.pdb -f /home/cgarcia/Programs/replicate_polymer_topology/forcefields/trappe-ua_PEToxvaerd.xml --images 1 1 1 -e lammps --noh


		Check resname and connect in the input file. (../01-PREPARE/PE_final_residues.pdb)... (05-06-2024 10:17:25)
		**************************************************************************************************************

		End Check resname and connect in the input file. (../01-PREPARE/PE_final_residues.pdb)... (05-06-2024 10:17:25)
		******************************************************************************************************************

		Removing hydrogens in the pdb file of the seed molecules.(../01-PREPARE/PE_final_residues.pdb)... (05-06-2024 10:17:25)

		Replicating and typing molecule (05-06-2024 10:17:25)
		*********************************************************
		Loading seed structure from PE_final_residues_noH.pdb (05-06-2024 10:17:25)

			 Start Loop over atoms. (05-06-2024 10:17:25)
			 End Loop over atoms. (05-06-2024 10:17:25)

			 Start Creating topology. (05-06-2024 10:17:25)
			 End Creating topology. (05-06-2024 10:17:25)
		Applying force field to the seed molecules PE_final_residues_noH.pdb (05-06-2024 10:17:25)
		 Checking bonds    ... (verbose: False) (05-06-2024 10:17:25).
		 End checking bonds ... (verbose: False) (05-06-2024 10:17:25).
		 Checking angles    ... (verbose: False) (05-06-2024 10:17:25).
		 End checking angles ... (verbose: False) (05-06-2024 10:17:25).
		 Checking dihedrals    ... (verbose: False) (05-06-2024 10:17:25).
		 End dihedrals angles ... (verbose: False) (05-06-2024 10:17:25).
		Replicating molecules PE_final_residues_noH.pdb (05-06-2024 10:17:25)

		Replicate a molecule or polymer chain (05-06-2024 10:17:25)
		***************************************************************
		Input file                  : PE_final_residues_noH.pdb
		Number of molecules in cell : 2
		Number of chains in cell    : 1
		Number of bonds in cell     : 406
		Number of residues in cell  : 2
		Number of atoms in cell     : 408
		Simulation box dimension    : 5.6303 5.6303 14.6634 nm
		Simulation box angles       : 90.00 90.00 90.00 degrees
		Replicate the molecule 1x1x1 times
		***************************************************************

		Molecule replicated info (05-06-2024 10:17:25)
		*************************************************
		Number of molecules in cell : 2
		Number of chains in cell    : 1
		Number of residues in cell  : 2
		Number of atoms in cell     : 408
		Simulation box dimension    : 5.6303 5.6303 14.6634 nm
		Simulation box angles       : 90.00 90.00 90.00 degrees
		Mass density                : 0.0175 g/cm3
		*************************************************


		Removing TER labels in the pdb file of the seed molecules.(./PE_final_residues_noH_replicate.pdb)... (05-06-2024 10:17:25)
		WARNING: Using a united-atom model without guess or define improper angles. 
		If this is correct ignore this warning.
		Creating LAMMPS input files (05-06-2024 10:17:25)
		Job  Done at 05-06-2024 10:17:26 ============

		Total time: 0.45 seconds
